c:\users\lupe\onedrive\escritorio\segundo año\lp 1\segunda entrega tp farmacia\proyecto_farmacia\x64\debug\vc143.pdb
c:\users\lupe\onedrive\escritorio\segundo año\lp 1\segunda entrega tp farmacia\proyecto_farmacia\x64\debug\vc143.idb
c:\users\lupe\onedrive\escritorio\segundo año\lp 1\segunda entrega tp farmacia\proyecto_farmacia\x64\debug\cticketdecompra.obj
c:\users\lupe\onedrive\escritorio\segundo año\lp 1\segunda entrega tp farmacia\proyecto_farmacia\x64\debug\creceta.obj
c:\users\lupe\onedrive\escritorio\segundo año\lp 1\segunda entrega tp farmacia\proyecto_farmacia\x64\debug\cproducto.obj
c:\users\lupe\onedrive\escritorio\segundo año\lp 1\segunda entrega tp farmacia\proyecto_farmacia\x64\debug\cperfumeria.obj
c:\users\lupe\onedrive\escritorio\segundo año\lp 1\segunda entrega tp farmacia\proyecto_farmacia\x64\debug\cortopedia.obj
c:\users\lupe\onedrive\escritorio\segundo año\lp 1\segunda entrega tp farmacia\proyecto_farmacia\x64\debug\cnumerocliente.obj
c:\users\lupe\onedrive\escritorio\segundo año\lp 1\segunda entrega tp farmacia\proyecto_farmacia\x64\debug\cmedicamento.obj
c:\users\lupe\onedrive\escritorio\segundo año\lp 1\segunda entrega tp farmacia\proyecto_farmacia\x64\debug\clocal.obj
c:\users\lupe\onedrive\escritorio\segundo año\lp 1\segunda entrega tp farmacia\proyecto_farmacia\x64\debug\cglosinas.obj
c:\users\lupe\onedrive\escritorio\segundo año\lp 1\segunda entrega tp farmacia\proyecto_farmacia\x64\debug\cfarmaceutico.obj
c:\users\lupe\onedrive\escritorio\segundo año\lp 1\segunda entrega tp farmacia\proyecto_farmacia\x64\debug\cfactura.obj
c:\users\lupe\onedrive\escritorio\segundo año\lp 1\segunda entrega tp farmacia\proyecto_farmacia\x64\debug\cempleadosperfumeria.obj
c:\users\lupe\onedrive\escritorio\segundo año\lp 1\segunda entrega tp farmacia\proyecto_farmacia\x64\debug\cempleadoortopedia.obj
c:\users\lupe\onedrive\escritorio\segundo año\lp 1\segunda entrega tp farmacia\proyecto_farmacia\x64\debug\cempleadomostrador.obj
c:\users\lupe\onedrive\escritorio\segundo año\lp 1\segunda entrega tp farmacia\proyecto_farmacia\x64\debug\cempleadolimpieza.obj
c:\users\lupe\onedrive\escritorio\segundo año\lp 1\segunda entrega tp farmacia\proyecto_farmacia\x64\debug\cempleadocaja.obj
c:\users\lupe\onedrive\escritorio\segundo año\lp 1\segunda entrega tp farmacia\proyecto_farmacia\x64\debug\cempleado.obj
c:\users\lupe\onedrive\escritorio\segundo año\lp 1\segunda entrega tp farmacia\proyecto_farmacia\x64\debug\cdescuento.obj
c:\users\lupe\onedrive\escritorio\segundo año\lp 1\segunda entrega tp farmacia\proyecto_farmacia\x64\debug\ccliente.obj
c:\users\lupe\onedrive\escritorio\segundo año\lp 1\segunda entrega tp farmacia\proyecto_farmacia\x64\debug\ccarrito.obj
c:\users\lupe\onedrive\escritorio\segundo año\lp 1\segunda entrega tp farmacia\proyecto_farmacia\x64\debug\main.obj
c:\users\lupe\onedrive\escritorio\segundo año\lp 1\segunda entrega tp farmacia\proyecto_farmacia\x64\debug\proyecto_farmacia.ilk
c:\users\lupe\onedrive\escritorio\segundo año\lp 1\segunda entrega tp farmacia\x64\debug\proyecto_farmacia.exe
c:\users\lupe\onedrive\escritorio\segundo año\lp 1\segunda entrega tp farmacia\x64\debug\proyecto_farmacia.pdb
c:\users\lupe\onedrive\escritorio\segundo año\lp 1\segunda entrega tp farmacia\proyecto_farmacia\x64\debug\proyecto.c3020a4f.tlog\cl.command.1.tlog
c:\users\lupe\onedrive\escritorio\segundo año\lp 1\segunda entrega tp farmacia\proyecto_farmacia\x64\debug\proyecto.c3020a4f.tlog\cl.read.1.tlog
c:\users\lupe\onedrive\escritorio\segundo año\lp 1\segunda entrega tp farmacia\proyecto_farmacia\x64\debug\proyecto.c3020a4f.tlog\cl.write.1.tlog
c:\users\lupe\onedrive\escritorio\segundo año\lp 1\segunda entrega tp farmacia\proyecto_farmacia\x64\debug\proyecto.c3020a4f.tlog\link.command.1.tlog
c:\users\lupe\onedrive\escritorio\segundo año\lp 1\segunda entrega tp farmacia\proyecto_farmacia\x64\debug\proyecto.c3020a4f.tlog\link.read.1.tlog
c:\users\lupe\onedrive\escritorio\segundo año\lp 1\segunda entrega tp farmacia\proyecto_farmacia\x64\debug\proyecto.c3020a4f.tlog\link.write.1.tlog
